<?xml version="1.0" encoding="UTF-8"?>
<testng-results ignored="0" total="1" passed="1" failed="0" skipped="0">
  <reporter-output>
  </reporter-output>
  <suite started-at="2023-02-08T11:47:40 ART" name="Default suite" finished-at="2023-02-08T11:48:17 ART" duration-ms="37505">
    <groups>
    </groups>
    <test started-at="2023-02-08T11:47:40 ART" name="Default test" finished-at="2023-02-08T11:48:17 ART" duration-ms="37505">
      <class name="org.rahulshettyacademy.AppiumFrameworkDesign.eCommerce_tc_3">
        <test-method is-config="true" signature="ConfigureAppium()[pri:0, instance:org.rahulshettyacademy.AppiumFrameworkDesign.eCommerce_tc_3@20bd8be5]" started-at="2023-02-08T11:47:40 ART" name="ConfigureAppium" finished-at="2023-02-08T11:47:51 ART" duration-ms="11743" status="PASS">
          <reporter-output>
          </reporter-output>
        </test-method> <!-- ConfigureAppium -->
        <test-method signature="FillForm(java.util.HashMap)[pri:0, instance:org.rahulshettyacademy.AppiumFrameworkDesign.eCommerce_tc_3@20bd8be5]" started-at="2023-02-08T11:47:52 ART" name="FillForm" data-provider="getData" finished-at="2023-02-08T11:48:17 ART" duration-ms="25303" status="PASS">
          <params>
            <param index="0">
              <value>
                <![CDATA[{name=paula almenar, country=Argentina, gender=female}]]>
              </value>
            </param>
          </params>
          <reporter-output>
          </reporter-output>
        </test-method> <!-- FillForm -->
        <test-method is-config="true" signature="tearDown()[pri:0, instance:org.rahulshettyacademy.AppiumFrameworkDesign.eCommerce_tc_3@20bd8be5]" started-at="2023-02-08T11:48:17 ART" name="tearDown" finished-at="2023-02-08T11:48:17 ART" duration-ms="261" status="PASS">
          <reporter-output>
          </reporter-output>
        </test-method> <!-- tearDown -->
        <test-method is-config="true" signature="tearDown()[pri:0, instance:org.rahulshettyacademy.AppiumFrameworkDesign.eCommerce_tc_3@20bd8be5]" started-at="2023-02-08T11:48:17 ART" name="tearDown" finished-at="2023-02-08T11:48:17 ART" duration-ms="0" status="PASS">
          <reporter-output>
          </reporter-output>
        </test-method> <!-- tearDown -->
      </class> <!-- org.rahulshettyacademy.AppiumFrameworkDesign.eCommerce_tc_3 -->
    </test> <!-- Default test -->
  </suite> <!-- Default suite -->
</testng-results>
