<?xml version="1.0" encoding="UTF-8"?>
<!-- Generated by org.testng.reporters.JUnitXMLReporter -->
<testsuite ignored="0" hostname="DESKTOP-HP5KI8N" failures="0" tests="2" name="Error validations test" time="12.429" errors="0" timestamp="2023-02-07T19:31:36 ART">
  <testcase classname="org.rahulshettyacademy.AppiumFrameworkDesign.eCommerce_tc_2" name="FillForm_ErrorFlow" time="0.0">
    <skipped/>
  </testcase> <!-- FillForm_ErrorFlow -->
  <testcase classname="org.rahulshettyacademy.AppiumFrameworkDesign.eCommerce_tc_2" name="FillForm_PositiveFlow" time="0.0">
    <skipped/>
  </testcase> <!-- FillForm_PositiveFlow -->
</testsuite> <!-- Error validations test -->
